<?xml version="1.0" encoding="UTF-8"?>
<!-- Generated by org.testng.reporters.JUnitReportReporter -->
<testsuite hostname="NHCLPT520" failures="0" tests="1" name="org.testcases.Web_Automation" time="16.310" errors="0" timestamp="2023-01-29T10:47:27 IST" skipped="0">
  <testcase classname="org.testcases.Web_Automation" name="Web_Automation_Test" time="16.310"/>
  <system-out/>
</testsuite> <!-- org.testcases.Web_Automation -->
